<?xml version="1.0" encoding="UTF-8"?>
<!-- Generated by org.testng.reporters.JUnitXMLReporter -->
<testsuite ignored="1" hostname="DESKTOP-LVM6PIB" failures="0" tests="1" name="Default test" time="16.552" errors="0" timestamp="2022-03-12T12:48:15 IST">
  <testcase classname="testcases.LoginTest" name="LoginFailureTest" time="9.427"/>
  <testcase classname="testcases.LoginTest" name="ExternalDataTest" time="0.0">
    <ignored/>
  </testcase> <!-- ExternalDataTest -->
</testsuite> <!-- Default test -->
