<?xml version="1.0" encoding="UTF-8"?>
<!-- Generated by org.testng.reporters.JUnitXMLReporter -->
<testsuite ignored="0" hostname="DESKTOP-LVM6PIB" failures="0" tests="4" name="Test" time="53.395" errors="0" timestamp="2022-03-15T22:27:35 IST">
  <testcase classname="testcases.LoginTest" name="ExternalDataTest" time="10.761"/>
  <testcase classname="testcases.LoginTest" name="LoginFailureTest" time="9.932"/>
  <testcase classname="testcases.LoginTest" name="LoginSuccessTest" time="7.588"/>
  <testcase classname="testcases.LoginTest" name="ParameterizedTest" time="9.581"/>
</testsuite> <!-- Test -->
