<?xml version="1.0" encoding="UTF-8"?>
<!-- Generated by org.testng.reporters.JUnitXMLReporter -->
<testsuite hostname="DESKTOP-LVM6PIB" ignored="0" name="Test" tests="4" failures="0" timestamp="2022-03-23T20:40:13 IST" time="71.101" errors="0">
  <testcase name="ExternalDataTest" time="16.82" classname="testcases.LoginTest"/>
  <testcase name="LoginFailureTest" time="8.664" classname="testcases.LoginTest"/>
  <testcase name="LoginSuccessTest" time="9.737" classname="testcases.LoginTest"/>
  <testcase name="ParameterizedTest" time="15.466" classname="testcases.LoginTest"/>
</testsuite> <!-- Test -->
