<?xml version="1.0" encoding="UTF-8"?>
<testng-results ignored="1" total="2" passed="1" failed="0" skipped="0">
  <reporter-output>
  </reporter-output>
  <suite started-at="2022-03-12T12:47:58 IST" name="Default suite" finished-at="2022-03-12T12:48:15 IST" duration-ms="16552">
    <groups>
    </groups>
    <test started-at="2022-03-12T12:47:58 IST" name="Default test" finished-at="2022-03-12T12:48:15 IST" duration-ms="16552">
      <class name="testcases.LoginTest">
        <test-method is-config="true" signature="DataSetUP()[pri:0, instance:testcases.LoginTest@c88a337]" started-at="2022-03-12T12:47:58 IST" name="DataSetUP" finished-at="2022-03-12T12:48:00 IST" duration-ms="1563" status="PASS">
          <reporter-output>
          </reporter-output>
        </test-method> <!-- DataSetUP -->
        <test-method is-config="true" signature="SetUp()[pri:0, instance:testcases.LoginTest@c88a337]" started-at="2022-03-12T12:48:00 IST" name="SetUp" finished-at="2022-03-12T12:48:05 IST" duration-ms="4553" status="PASS">
          <reporter-output>
          </reporter-output>
        </test-method> <!-- SetUp -->
        <test-method signature="LoginFailureTest()[pri:0, instance:testcases.LoginTest@c88a337]" started-at="2022-03-12T12:48:05 IST" name="LoginFailureTest" finished-at="2022-03-12T12:48:14 IST" duration-ms="9427" status="PASS">
          <reporter-output>
          </reporter-output>
        </test-method> <!-- LoginFailureTest -->
        <test-method is-config="true" signature="TearDown()[pri:0, instance:testcases.LoginTest@c88a337]" started-at="2022-03-12T12:48:14 IST" name="TearDown" finished-at="2022-03-12T12:48:14 IST" duration-ms="343" status="PASS">
          <reporter-output>
          </reporter-output>
        </test-method> <!-- TearDown -->
        <test-method is-config="true" signature="DataTearDown()[pri:0, instance:testcases.LoginTest@c88a337]" started-at="2022-03-12T12:48:14 IST" name="DataTearDown" finished-at="2022-03-12T12:48:15 IST" duration-ms="590" status="PASS">
          <reporter-output>
          </reporter-output>
        </test-method> <!-- DataTearDown -->
      </class> <!-- testcases.LoginTest -->
    </test> <!-- Default test -->
  </suite> <!-- Default suite -->
</testng-results>
