<?xml version="1.0" encoding="UTF-8"?>
<testng-results ignored="0" total="4" passed="4" failed="0" skipped="0">
  <reporter-output>
  </reporter-output>
  <suite started-at="2022-03-15T22:26:42 IST" name="Suite" finished-at="2022-03-15T22:27:35 IST" duration-ms="53395">
    <groups>
    </groups>
    <test started-at="2022-03-15T22:26:42 IST" name="Test" finished-at="2022-03-15T22:27:35 IST" duration-ms="53395">
      <class name="testcases.LoginTest">
        <test-method is-config="true" signature="DataSetUP()[pri:0, instance:testcases.LoginTest@e15b7e8]" started-at="2022-03-15T22:26:42 IST" name="DataSetUP" finished-at="2022-03-15T22:26:43 IST" duration-ms="1310" status="PASS">
          <reporter-output>
          </reporter-output>
        </test-method> <!-- DataSetUP -->
        <test-method is-config="true" signature="SetUp(java.lang.reflect.Method)[pri:0, instance:testcases.LoginTest@e15b7e8]" started-at="2022-03-15T22:26:43 IST" name="SetUp" finished-at="2022-03-15T22:26:47 IST" duration-ms="3970" status="PASS">
          <params>
            <param index="0">
              <value>
                <![CDATA[public void testcases.LoginTest.ExternalDataTest()]]>
              </value>
            </param>
          </params>
          <reporter-output>
          </reporter-output>
        </test-method> <!-- SetUp -->
        <test-method signature="ExternalDataTest()[pri:0, instance:testcases.LoginTest@e15b7e8]" started-at="2022-03-15T22:26:47 IST" name="ExternalDataTest" finished-at="2022-03-15T22:26:58 IST" duration-ms="10761" status="PASS">
          <reporter-output>
          </reporter-output>
        </test-method> <!-- ExternalDataTest -->
        <test-method is-config="true" signature="TearDown()[pri:0, instance:testcases.LoginTest@e15b7e8]" started-at="2022-03-15T22:26:58 IST" name="TearDown" finished-at="2022-03-15T22:26:58 IST" duration-ms="355" status="PASS">
          <reporter-output>
          </reporter-output>
        </test-method> <!-- TearDown -->
        <test-method is-config="true" signature="SetUp(java.lang.reflect.Method)[pri:0, instance:testcases.LoginTest@e15b7e8]" started-at="2022-03-15T22:26:58 IST" name="SetUp" finished-at="2022-03-15T22:27:01 IST" duration-ms="2982" status="PASS">
          <params>
            <param index="0">
              <value>
                <![CDATA[public void testcases.LoginTest.LoginFailureTest()]]>
              </value>
            </param>
          </params>
          <reporter-output>
          </reporter-output>
        </test-method> <!-- SetUp -->
        <test-method signature="LoginFailureTest()[pri:0, instance:testcases.LoginTest@e15b7e8]" started-at="2022-03-15T22:27:01 IST" name="LoginFailureTest" finished-at="2022-03-15T22:27:11 IST" duration-ms="9932" status="PASS">
          <reporter-output>
          </reporter-output>
        </test-method> <!-- LoginFailureTest -->
        <test-method is-config="true" signature="TearDown()[pri:0, instance:testcases.LoginTest@e15b7e8]" started-at="2022-03-15T22:27:11 IST" name="TearDown" finished-at="2022-03-15T22:27:11 IST" duration-ms="237" status="PASS">
          <reporter-output>
          </reporter-output>
        </test-method> <!-- TearDown -->
        <test-method is-config="true" signature="SetUp(java.lang.reflect.Method)[pri:0, instance:testcases.LoginTest@e15b7e8]" started-at="2022-03-15T22:27:11 IST" name="SetUp" finished-at="2022-03-15T22:27:14 IST" duration-ms="2774" status="PASS">
          <params>
            <param index="0">
              <value>
                <![CDATA[public void testcases.LoginTest.LoginSuccessTest()]]>
              </value>
            </param>
          </params>
          <reporter-output>
          </reporter-output>
        </test-method> <!-- SetUp -->
        <test-method signature="LoginSuccessTest()[pri:0, instance:testcases.LoginTest@e15b7e8]" started-at="2022-03-15T22:27:14 IST" name="LoginSuccessTest" finished-at="2022-03-15T22:27:22 IST" duration-ms="7588" status="PASS">
          <reporter-output>
          </reporter-output>
        </test-method> <!-- LoginSuccessTest -->
        <test-method is-config="true" signature="TearDown()[pri:0, instance:testcases.LoginTest@e15b7e8]" started-at="2022-03-15T22:27:22 IST" name="TearDown" finished-at="2022-03-15T22:27:22 IST" duration-ms="275" status="PASS">
          <reporter-output>
          </reporter-output>
        </test-method> <!-- TearDown -->
        <test-method is-config="true" signature="SetUp(java.lang.reflect.Method)[pri:0, instance:testcases.LoginTest@e15b7e8]" started-at="2022-03-15T22:27:22 IST" name="SetUp" finished-at="2022-03-15T22:27:25 IST" duration-ms="2646" status="PASS">
          <params>
            <param index="0">
              <value>
                <![CDATA[public void testcases.LoginTest.ParameterizedTest(java.lang.String,java.lang.String)]]>
              </value>
            </param>
          </params>
          <reporter-output>
          </reporter-output>
        </test-method> <!-- SetUp -->
        <test-method signature="ParameterizedTest(java.lang.String,java.lang.String)[pri:0, instance:testcases.LoginTest@e15b7e8]" started-at="2022-03-15T22:27:25 IST" name="ParameterizedTest" finished-at="2022-03-15T22:27:34 IST" duration-ms="9581" status="PASS">
          <params>
            <param index="0">
              <value>
                <![CDATA[vigneshpri026@gmail.com]]>
              </value>
            </param>
            <param index="1">
              <value>
                <![CDATA[Simple@25052017]]>
              </value>
            </param>
          </params>
          <reporter-output>
          </reporter-output>
        </test-method> <!-- ParameterizedTest -->
        <test-method is-config="true" signature="TearDown()[pri:0, instance:testcases.LoginTest@e15b7e8]" started-at="2022-03-15T22:27:34 IST" name="TearDown" finished-at="2022-03-15T22:27:35 IST" duration-ms="337" status="PASS">
          <reporter-output>
          </reporter-output>
        </test-method> <!-- TearDown -->
        <test-method is-config="true" signature="DataTearDown()[pri:0, instance:testcases.LoginTest@e15b7e8]" started-at="2022-03-15T22:27:35 IST" name="DataTearDown" finished-at="2022-03-15T22:27:35 IST" duration-ms="554" status="PASS">
          <reporter-output>
          </reporter-output>
        </test-method> <!-- DataTearDown -->
      </class> <!-- testcases.LoginTest -->
    </test> <!-- Test -->
  </suite> <!-- Suite -->
</testng-results>
